2025-09-29 14:20:00.011 - === Health Check Batch Started at 2025-09-29 14:20:00 ===
2025-09-29 14:20:03.767 - Health check results:
2025-09-29 14:20:03.767 - ✅ JSONPlaceholder Posts - 864ms - https://jsonplaceholder.typicode.com/posts/1
2025-09-29 14:20:03.771 - ✅ HTTPBin Status - 1184ms - https://httpbin.org/status/200
2025-09-29 14:20:03.772 - ✅ HTTPBin POST Test - 1624ms - https://httpbin.org/post
2025-09-29 14:20:03.773 - Health check summary: 3/3 servers responded successfully
2025-09-29 14:20:03.773 - === Health Check Batch Completed in 3761ms ===
2025-09-29 14:25:00.003 - === Health Check Batch Started at 2025-09-29 14:25:00 ===
2025-09-29 14:25:02.258 - Health check results:
2025-09-29 14:25:02.259 - ✅ JSONPlaceholder Posts - 969ms - https://jsonplaceholder.typicode.com/posts/1
2025-09-29 14:25:02.263 - ✅ HTTPBin Status - 955ms - https://httpbin.org/status/200
2025-09-29 14:25:02.263 - ✅ HTTPBin POST Test - 248ms - https://httpbin.org/post
2025-09-29 14:25:02.264 - Health check summary: 3/3 servers responded successfully
2025-09-29 14:25:02.264 - === Health Check Batch Completed in 2258ms ===
2025-09-29 14:30:00.011 - === Health Check Batch Started at 2025-09-29 14:30:00 ===
2025-09-29 14:30:01.442 - Health check results:
2025-09-29 14:30:01.442 - ✅ JSONPlaceholder Posts - 273ms - https://jsonplaceholder.typicode.com/posts/1
2025-09-29 14:30:01.443 - ✅ HTTPBin Status - 882ms - https://httpbin.org/status/200
2025-09-29 14:30:01.443 - ✅ HTTPBin POST Test - 253ms - https://httpbin.org/post
2025-09-29 14:30:01.444 - Health check summary: 3/3 servers responded successfully
2025-09-29 14:30:01.444 - === Health Check Batch Completed in 1432ms ===
2025-09-29 14:35:00.016 - === Health Check Batch Started at 2025-09-29 14:35:00 ===
2025-09-29 14:35:01.961 - Health check results:
2025-09-29 14:35:01.962 - ✅ JSONPlaceholder Posts - 225ms - https://jsonplaceholder.typicode.com/posts/1
2025-09-29 14:35:01.962 - ✅ HTTPBin Status - 807ms - https://httpbin.org/status/200
2025-09-29 14:35:01.962 - ✅ HTTPBin POST Test - 892ms - https://httpbin.org/post
2025-09-29 14:35:01.963 - Health check summary: 3/3 servers responded successfully
2025-09-29 14:35:01.963 - === Health Check Batch Completed in 1947ms ===
2025-09-29 14:40:00.007 - === Health Check Batch Started at 2025-09-29 14:40:00 ===
2025-09-29 14:40:01.762 - Health check results:
2025-09-29 14:40:01.763 - ✅ JSONPlaceholder Posts - 252ms - https://jsonplaceholder.typicode.com/posts/1
2025-09-29 14:40:01.763 - ✅ HTTPBin Status - 1242ms - https://httpbin.org/status/200
2025-09-29 14:40:01.763 - ✅ HTTPBin POST Test - 229ms - https://httpbin.org/post
2025-09-29 14:40:01.764 - Health check summary: 3/3 servers responded successfully
2025-09-29 14:40:01.764 - === Health Check Batch Completed in 1757ms ===
2025-09-29 14:45:00.019 - === Health Check Batch Started at 2025-09-29 14:45:00 ===
2025-09-29 14:45:04.202 - Health check results:
2025-09-29 14:45:04.202 - ✅ JSONPlaceholder Posts - 1151ms - https://jsonplaceholder.typicode.com/posts/1
2025-09-29 14:45:04.238 - ✅ HTTPBin Status - 2238ms - https://httpbin.org/status/200
2025-09-29 14:45:04.238 - ✅ HTTPBin POST Test - 667ms - https://httpbin.org/post
2025-09-29 14:45:04.240 - Health check summary: 3/3 servers responded successfully
2025-09-29 14:45:04.240 - === Health Check Batch Completed in 4219ms ===
2025-09-29 14:50:00.019 - === Health Check Batch Started at 2025-09-29 14:50:00 ===
2025-09-29 14:50:05.086 - Health check results:
2025-09-29 14:50:05.087 - ✅ JSONPlaceholder Posts - 1420ms - https://jsonplaceholder.typicode.com/posts/1
2025-09-29 14:50:05.107 - ✅ HTTPBin Status - 2618ms - https://httpbin.org/status/200
2025-09-29 14:50:05.108 - ✅ HTTPBin POST Test - 901ms - https://httpbin.org/post
2025-09-29 14:50:05.110 - Health check summary: 3/3 servers responded successfully
2025-09-29 14:50:05.110 - === Health Check Batch Completed in 5089ms ===
2025-09-29 14:55:00.021 - === Health Check Batch Started at 2025-09-29 14:55:00 ===
2025-09-29 14:55:05.036 - Health check results:
2025-09-29 14:55:05.036 - ✅ JSONPlaceholder Posts - 1620ms - https://jsonplaceholder.typicode.com/posts/1
2025-09-29 14:55:05.047 - ✅ HTTPBin Status - 2917ms - https://httpbin.org/status/200
2025-09-29 14:55:05.047 - ✅ HTTPBin POST Test - 322ms - https://httpbin.org/post
2025-09-29 14:55:05.048 - Health check summary: 3/3 servers responded successfully
2025-09-29 14:55:05.048 - === Health Check Batch Completed in 5027ms ===
2025-09-29 14:56:34.576 - Manual health check triggered
2025-09-29 14:56:34.577 - === Health Check Batch Started at 2025-09-29 14:56:34 ===
2025-09-29 14:56:37.523 - Health check results:
2025-09-29 14:56:37.523 - ✅ JSONPlaceholder Posts - 959ms - https://jsonplaceholder.typicode.com/posts/1
2025-09-29 14:56:37.537 - ✅ HTTPBin Status - 1703ms - https://httpbin.org/status/200
2025-09-29 14:56:37.537 - ✅ HTTPBin POST Test - 213ms - https://httpbin.org/post
2025-09-29 14:56:37.538 - Health check summary: 3/3 servers responded successfully
2025-09-29 14:56:37.539 - === Health Check Batch Completed in 2962ms ===
